<?xml version='1.0' encoding='UTF-8' standalone='no'?>
<doxygen xmlns:xsi="http://www.w3.org/2001/XMLSchema-instance" xsi:noNamespaceSchemaLocation="compound.xsd" version="1.8.11">
  <compounddef id="test-sndfile-metadata-set_8py" kind="file" language="Python">
    <compoundname>test-sndfile-metadata-set.py</compoundname>
    <innernamespace refid="namespacetest-sndfile-metadata-set">test-sndfile-metadata-set</innernamespace>
    <briefdescription>
    </briefdescription>
    <detaileddescription>
    </detaileddescription>
    <programlisting>
<codeline lineno="1" refid="namespacetest-sndfile-metadata-set" refkind="compound"><highlight class="comment">#!/usr/bin/python</highlight><highlight class="normal"></highlight></codeline>
<codeline lineno="2"><highlight class="normal"></highlight></codeline>
<codeline lineno="3"><highlight class="normal"></highlight><highlight class="comment">#<sp/>Copyright<sp/>(C)<sp/>2008-2011<sp/>Erik<sp/>de<sp/>Castro<sp/>Lopo<sp/>&lt;erikd@mega-nerd.com&gt;</highlight><highlight class="normal"></highlight></codeline>
<codeline lineno="4"><highlight class="normal"></highlight><highlight class="comment">#</highlight><highlight class="normal"></highlight></codeline>
<codeline lineno="5"><highlight class="normal"></highlight><highlight class="comment">#<sp/>All<sp/>rights<sp/>reserved.</highlight><highlight class="normal"></highlight></codeline>
<codeline lineno="6"><highlight class="normal"></highlight><highlight class="comment">#</highlight><highlight class="normal"></highlight></codeline>
<codeline lineno="7"><highlight class="normal"></highlight><highlight class="comment">#<sp/>Redistribution<sp/>and<sp/>use<sp/>in<sp/>source<sp/>and<sp/>binary<sp/>forms,<sp/>with<sp/>or<sp/>without</highlight><highlight class="normal"></highlight></codeline>
<codeline lineno="8"><highlight class="normal"></highlight><highlight class="comment">#<sp/>modification,<sp/>are<sp/>permitted<sp/>provided<sp/>that<sp/>the<sp/>following<sp/>conditions<sp/>are</highlight><highlight class="normal"></highlight></codeline>
<codeline lineno="9"><highlight class="normal"></highlight><highlight class="comment">#<sp/>met:</highlight><highlight class="normal"></highlight></codeline>
<codeline lineno="10"><highlight class="normal"></highlight><highlight class="comment">#</highlight><highlight class="normal"></highlight></codeline>
<codeline lineno="11"><highlight class="normal"></highlight><highlight class="comment">#<sp/><sp/><sp/><sp/><sp/>*<sp/>Redistributions<sp/>of<sp/>source<sp/>code<sp/>must<sp/>retain<sp/>the<sp/>above<sp/>copyright</highlight><highlight class="normal"></highlight></codeline>
<codeline lineno="12"><highlight class="normal"></highlight><highlight class="comment">#<sp/><sp/><sp/><sp/><sp/><sp/><sp/>notice,<sp/>this<sp/>list<sp/>of<sp/>conditions<sp/>and<sp/>the<sp/>following<sp/>disclaimer.</highlight><highlight class="normal"></highlight></codeline>
<codeline lineno="13"><highlight class="normal"></highlight><highlight class="comment">#<sp/><sp/><sp/><sp/><sp/>*<sp/>Redistributions<sp/>in<sp/>binary<sp/>form<sp/>must<sp/>reproduce<sp/>the<sp/>above<sp/>copyright</highlight><highlight class="normal"></highlight></codeline>
<codeline lineno="14"><highlight class="normal"></highlight><highlight class="comment">#<sp/><sp/><sp/><sp/><sp/><sp/><sp/>notice,<sp/>this<sp/>list<sp/>of<sp/>conditions<sp/>and<sp/>the<sp/>following<sp/>disclaimer<sp/>in</highlight><highlight class="normal"></highlight></codeline>
<codeline lineno="15"><highlight class="normal"></highlight><highlight class="comment">#<sp/><sp/><sp/><sp/><sp/><sp/><sp/>the<sp/>documentation<sp/>and/or<sp/>other<sp/>materials<sp/>provided<sp/>with<sp/>the</highlight><highlight class="normal"></highlight></codeline>
<codeline lineno="16"><highlight class="normal"></highlight><highlight class="comment">#<sp/><sp/><sp/><sp/><sp/><sp/><sp/>distribution.</highlight><highlight class="normal"></highlight></codeline>
<codeline lineno="17"><highlight class="normal"></highlight><highlight class="comment">#<sp/><sp/><sp/><sp/><sp/>*<sp/>Neither<sp/>the<sp/>author<sp/>nor<sp/>the<sp/>names<sp/>of<sp/>any<sp/>contributors<sp/>may<sp/>be<sp/>used</highlight><highlight class="normal"></highlight></codeline>
<codeline lineno="18"><highlight class="normal"></highlight><highlight class="comment">#<sp/><sp/><sp/><sp/><sp/><sp/><sp/>to<sp/>endorse<sp/>or<sp/>promote<sp/>products<sp/>derived<sp/>from<sp/>this<sp/>software<sp/>without</highlight><highlight class="normal"></highlight></codeline>
<codeline lineno="19"><highlight class="normal"></highlight><highlight class="comment">#<sp/><sp/><sp/><sp/><sp/><sp/><sp/>specific<sp/>prior<sp/>written<sp/>permission.</highlight><highlight class="normal"></highlight></codeline>
<codeline lineno="20"><highlight class="normal"></highlight><highlight class="comment">#</highlight><highlight class="normal"></highlight></codeline>
<codeline lineno="21"><highlight class="normal"></highlight><highlight class="comment">#<sp/>THIS<sp/>SOFTWARE<sp/>IS<sp/>PROVIDED<sp/>BY<sp/>THE<sp/>COPYRIGHT<sp/>HOLDERS<sp/>AND<sp/>CONTRIBUTORS</highlight><highlight class="normal"></highlight></codeline>
<codeline lineno="22"><highlight class="normal"></highlight><highlight class="comment">#<sp/>&quot;AS<sp/>IS&quot;<sp/>AND<sp/>ANY<sp/>EXPRESS<sp/>OR<sp/>IMPLIED<sp/>WARRANTIES,<sp/>INCLUDING,<sp/>BUT<sp/>NOT<sp/>LIMITED</highlight><highlight class="normal"></highlight></codeline>
<codeline lineno="23"><highlight class="normal"></highlight><highlight class="comment">#<sp/>TO,<sp/>THE<sp/>IMPLIED<sp/>WARRANTIES<sp/>OF<sp/>MERCHANTABILITY<sp/>AND<sp/>FITNESS<sp/>FOR<sp/>A<sp/>PARTICULAR</highlight><highlight class="normal"></highlight></codeline>
<codeline lineno="24"><highlight class="normal"></highlight><highlight class="comment">#<sp/>PURPOSE<sp/>ARE<sp/>DISCLAIMED.<sp/>IN<sp/>NO<sp/>EVENT<sp/>SHALL<sp/>THE<sp/>COPYRIGHT<sp/>OWNER<sp/>OR</highlight><highlight class="normal"></highlight></codeline>
<codeline lineno="25"><highlight class="normal"></highlight><highlight class="comment">#<sp/>CONTRIBUTORS<sp/>BE<sp/>LIABLE<sp/>FOR<sp/>ANY<sp/>DIRECT,<sp/>INDIRECT,<sp/>INCIDENTAL,<sp/>SPECIAL,</highlight><highlight class="normal"></highlight></codeline>
<codeline lineno="26"><highlight class="normal"></highlight><highlight class="comment">#<sp/>EXEMPLARY,<sp/>OR<sp/>CONSEQUENTIAL<sp/>DAMAGES<sp/>(INCLUDING,<sp/>BUT<sp/>NOT<sp/>LIMITED<sp/>TO,</highlight><highlight class="normal"></highlight></codeline>
<codeline lineno="27"><highlight class="normal"></highlight><highlight class="comment">#<sp/>PROCUREMENT<sp/>OF<sp/>SUBSTITUTE<sp/>GOODS<sp/>OR<sp/>SERVICES;<sp/>LOSS<sp/>OF<sp/>USE,<sp/>DATA,<sp/>OR<sp/>PROFITS;</highlight><highlight class="normal"></highlight></codeline>
<codeline lineno="28"><highlight class="normal"></highlight><highlight class="comment">#<sp/>OR<sp/>BUSINESS<sp/>INTERRUPTION)<sp/>HOWEVER<sp/>CAUSED<sp/>AND<sp/>ON<sp/>ANY<sp/>THEORY<sp/>OF<sp/>LIABILITY,</highlight><highlight class="normal"></highlight></codeline>
<codeline lineno="29"><highlight class="normal"></highlight><highlight class="comment">#<sp/>WHETHER<sp/>IN<sp/>CONTRACT,<sp/>STRICT<sp/>LIABILITY,<sp/>OR<sp/>TORT<sp/>(INCLUDING<sp/>NEGLIGENCE<sp/>OR</highlight><highlight class="normal"></highlight></codeline>
<codeline lineno="30"><highlight class="normal"></highlight><highlight class="comment">#<sp/>OTHERWISE)<sp/>ARISING<sp/>IN<sp/>ANY<sp/>WAY<sp/>OUT<sp/>OF<sp/>THE<sp/>USE<sp/>OF<sp/>THIS<sp/>SOFTWARE,<sp/>EVEN<sp/>IF</highlight><highlight class="normal"></highlight></codeline>
<codeline lineno="31"><highlight class="normal"></highlight><highlight class="comment">#<sp/>ADVISED<sp/>OF<sp/>THE<sp/>POSSIBILITY<sp/>OF<sp/>SUCH<sp/>DAMAGE.</highlight><highlight class="normal"></highlight></codeline>
<codeline lineno="32"><highlight class="normal"></highlight></codeline>
<codeline lineno="33"><highlight class="normal"></highlight><highlight class="comment">#<sp/>Simple<sp/>test<sp/>script<sp/>for<sp/>the<sp/>sndfile-metadata-set<sp/>program.</highlight><highlight class="normal"></highlight></codeline>
<codeline lineno="34"><highlight class="normal"></highlight></codeline>
<codeline lineno="35"><highlight class="normal"></highlight><highlight class="keyword">import</highlight><highlight class="normal"><sp/>commands,<sp/>os,<sp/>sys</highlight></codeline>
<codeline lineno="36"><highlight class="normal"></highlight><highlight class="keyword">import</highlight><highlight class="normal"><sp/>time,<sp/>datetime</highlight></codeline>
<codeline lineno="37"><highlight class="normal"></highlight></codeline>
<codeline lineno="38" refid="namespacetest-sndfile-metadata-set_1a7eadfb659f8e3c097dcb1bbc6525dd4d" refkind="member"><highlight class="normal"></highlight><highlight class="keyword">def<sp/></highlight><highlight class="normal"><ref refid="namespacetest-sndfile-metadata-set_1a7eadfb659f8e3c097dcb1bbc6525dd4d" kindref="member">print_test_name</ref><sp/>(name):</highlight></codeline>
<codeline lineno="39"><highlight class="normal"><sp/><sp/><sp/><sp/></highlight><highlight class="keywordflow">print</highlight><highlight class="normal"><sp/></highlight><highlight class="stringliteral">&quot;<sp/><sp/><sp/><sp/>%-30s<sp/>:&quot;</highlight><highlight class="normal"><sp/>%<sp/>name,</highlight></codeline>
<codeline lineno="40"><highlight class="normal"></highlight></codeline>
<codeline lineno="41" refid="namespacetest-sndfile-metadata-set_1abefa70f56c40e200ac92181b4803eb0d" refkind="member"><highlight class="normal"></highlight><highlight class="keyword">def<sp/></highlight><highlight class="normal"><ref refid="namespacetest-sndfile-metadata-set_1abefa70f56c40e200ac92181b4803eb0d" kindref="member">assert_info</ref><sp/>(filename,<sp/>arg,<sp/>value):</highlight></codeline>
<codeline lineno="42"><highlight class="normal"><sp/><sp/><sp/><sp/>cmd<sp/>=<sp/></highlight><highlight class="stringliteral">&quot;./sndfile-metadata-get<sp/>%s<sp/>%s&quot;</highlight><highlight class="normal"><sp/>%<sp/>(arg,<sp/>filename)</highlight></codeline>
<codeline lineno="43"><highlight class="normal"><sp/><sp/><sp/><sp/>status,<sp/>output<sp/>=<sp/>commands.getstatusoutput<sp/>(cmd)</highlight></codeline>
<codeline lineno="44"><highlight class="normal"><sp/><sp/><sp/><sp/></highlight><highlight class="keywordflow">if</highlight><highlight class="normal"><sp/>status:</highlight></codeline>
<codeline lineno="45"><highlight class="normal"><sp/><sp/><sp/><sp/><sp/><sp/><sp/><sp/></highlight><highlight class="keywordflow">print</highlight><highlight class="normal"><sp/></highlight><highlight class="stringliteral">&quot;\n\nError<sp/>:<sp/>command<sp/>&apos;%s&apos;<sp/>should<sp/>not<sp/>have<sp/>failed.&quot;</highlight><highlight class="normal"><sp/>%<sp/>cmd</highlight></codeline>
<codeline lineno="46"><highlight class="normal"><sp/><sp/><sp/><sp/><sp/><sp/><sp/><sp/>sys.exit<sp/>(1)</highlight></codeline>
<codeline lineno="47"><highlight class="normal"><sp/><sp/><sp/><sp/></highlight><highlight class="keywordflow">if</highlight><highlight class="normal"><sp/>output.find<sp/>(value)<sp/>&lt;<sp/>0:</highlight></codeline>
<codeline lineno="48"><highlight class="normal"><sp/><sp/><sp/><sp/><sp/><sp/><sp/><sp/></highlight><highlight class="keywordflow">print</highlight><highlight class="normal"><sp/></highlight><highlight class="stringliteral">&quot;\n\nError<sp/>:<sp/>not<sp/>able<sp/>to<sp/>find<sp/>&apos;%s&apos;.&quot;</highlight><highlight class="normal"><sp/>%<sp/>value</highlight></codeline>
<codeline lineno="49"><highlight class="normal"><sp/><sp/><sp/><sp/><sp/><sp/><sp/><sp/></highlight><highlight class="keywordflow">print</highlight><highlight class="normal"><sp/>output</highlight></codeline>
<codeline lineno="50"><highlight class="normal"><sp/><sp/><sp/><sp/><sp/><sp/><sp/><sp/>sys.exit<sp/>(1)</highlight></codeline>
<codeline lineno="51"><highlight class="normal"><sp/><sp/><sp/><sp/></highlight><highlight class="keywordflow">return</highlight><highlight class="normal"></highlight></codeline>
<codeline lineno="52"><highlight class="normal"></highlight></codeline>
<codeline lineno="53"><highlight class="normal"></highlight></codeline>
<codeline lineno="54" refid="namespacetest-sndfile-metadata-set_1a99fe025bd268b2d3cb998aa494a215cf" refkind="member"><highlight class="normal"></highlight><highlight class="keyword">def<sp/></highlight><highlight class="normal"><ref refid="namespacetest-sndfile-metadata-set_1a99fe025bd268b2d3cb998aa494a215cf" kindref="member">check_executable</ref><sp/>(name):</highlight></codeline>
<codeline lineno="55"><highlight class="normal"><sp/><sp/><sp/><sp/></highlight><highlight class="keywordflow">if</highlight><highlight class="normal"><sp/></highlight><highlight class="keywordflow">not</highlight><highlight class="normal"><sp/>(os.path.isfile<sp/>(name)):</highlight></codeline>
<codeline lineno="56"><highlight class="normal"><sp/><sp/><sp/><sp/><sp/><sp/><sp/><sp/></highlight><highlight class="keywordflow">print</highlight><highlight class="normal"><sp/></highlight><highlight class="stringliteral">&quot;\n\nError<sp/>:<sp/>Can&apos;t<sp/>find<sp/>executable<sp/>&apos;%s&apos;.<sp/>Have<sp/>you<sp/>run<sp/>make?&quot;</highlight><highlight class="normal"><sp/>%<sp/>name</highlight></codeline>
<codeline lineno="57"><highlight class="normal"><sp/><sp/><sp/><sp/><sp/><sp/><sp/><sp/>sys.exit<sp/>(1)</highlight></codeline>
<codeline lineno="58"><highlight class="normal"></highlight></codeline>
<codeline lineno="59" refid="namespacetest-sndfile-metadata-set_1a3d44335479debf56f464776dad748c9f" refkind="member"><highlight class="normal"></highlight><highlight class="keyword">def<sp/></highlight><highlight class="normal"><ref refid="namespacetest-sndfile-metadata-set_1a3d44335479debf56f464776dad748c9f" kindref="member">test_empty_fail</ref><sp/>():</highlight></codeline>
<codeline lineno="60"><highlight class="normal"><sp/><sp/><sp/><sp/>print_test_name<sp/>(</highlight><highlight class="stringliteral">&quot;Empty<sp/>fail<sp/>test&quot;</highlight><highlight class="normal">)</highlight></codeline>
<codeline lineno="61"><highlight class="normal"><sp/><sp/><sp/><sp/>cmd<sp/>=<sp/></highlight><highlight class="stringliteral">&quot;./sndfile-metadata-set<sp/>--bext-description<sp/>Alpha<sp/>sine.wav&quot;</highlight><highlight class="normal"></highlight></codeline>
<codeline lineno="62"><highlight class="normal"><sp/><sp/><sp/><sp/>status,<sp/>output<sp/>=<sp/>commands.getstatusoutput<sp/>(cmd)</highlight></codeline>
<codeline lineno="63"><highlight class="normal"><sp/><sp/><sp/><sp/></highlight><highlight class="keywordflow">if</highlight><highlight class="normal"><sp/></highlight><highlight class="keywordflow">not</highlight><highlight class="normal"><sp/>status:</highlight></codeline>
<codeline lineno="64"><highlight class="normal"><sp/><sp/><sp/><sp/><sp/><sp/><sp/><sp/></highlight><highlight class="keywordflow">print</highlight><highlight class="normal"><sp/></highlight><highlight class="stringliteral">&quot;\n\nError<sp/>:<sp/>command<sp/>&apos;%s&apos;<sp/>should<sp/>have<sp/>failed.&quot;</highlight><highlight class="normal"><sp/>%<sp/>cmd</highlight></codeline>
<codeline lineno="65"><highlight class="normal"><sp/><sp/><sp/><sp/><sp/><sp/><sp/><sp/>sys.exit<sp/>(1)</highlight></codeline>
<codeline lineno="66"><highlight class="normal"><sp/><sp/><sp/><sp/></highlight><highlight class="keywordflow">print</highlight><highlight class="normal"><sp/></highlight><highlight class="stringliteral">&quot;ok&quot;</highlight><highlight class="normal"></highlight></codeline>
<codeline lineno="67"><highlight class="normal"></highlight></codeline>
<codeline lineno="68" refid="namespacetest-sndfile-metadata-set_1a29492aa8e7f34f4dfd7e642dda118820" refkind="member"><highlight class="normal"></highlight><highlight class="keyword">def<sp/></highlight><highlight class="normal"><ref refid="namespacetest-sndfile-metadata-set_1a29492aa8e7f34f4dfd7e642dda118820" kindref="member">test_copy</ref><sp/>():</highlight></codeline>
<codeline lineno="69"><highlight class="normal"><sp/><sp/><sp/><sp/>print_test_name<sp/>(</highlight><highlight class="stringliteral">&quot;Copy<sp/>test&quot;</highlight><highlight class="normal">)</highlight></codeline>
<codeline lineno="70"><highlight class="normal"><sp/><sp/><sp/><sp/>cmd<sp/>=<sp/></highlight><highlight class="stringliteral">&quot;./sndfile-metadata-set<sp/>--bext-description<sp/>\&quot;First<sp/>Try\&quot;<sp/>sine.wav<sp/>output.wav&quot;</highlight><highlight class="normal"></highlight></codeline>
<codeline lineno="71"><highlight class="normal"><sp/><sp/><sp/><sp/>status,<sp/>output<sp/>=<sp/>commands.getstatusoutput<sp/>(cmd)</highlight></codeline>
<codeline lineno="72"><highlight class="normal"><sp/><sp/><sp/><sp/></highlight><highlight class="keywordflow">if</highlight><highlight class="normal"><sp/>status:</highlight></codeline>
<codeline lineno="73"><highlight class="normal"><sp/><sp/><sp/><sp/><sp/><sp/><sp/><sp/></highlight><highlight class="keywordflow">print</highlight><highlight class="normal"><sp/></highlight><highlight class="stringliteral">&quot;\n\nError<sp/>:<sp/>command<sp/>&apos;%s&apos;<sp/>should<sp/>not<sp/>have<sp/>failed.&quot;</highlight><highlight class="normal"><sp/>%<sp/>cmd</highlight></codeline>
<codeline lineno="74"><highlight class="normal"><sp/><sp/><sp/><sp/><sp/><sp/><sp/><sp/>sys.exit<sp/>(1)</highlight></codeline>
<codeline lineno="75"><highlight class="normal"><sp/><sp/><sp/><sp/>assert_info<sp/>(</highlight><highlight class="stringliteral">&quot;output.wav&quot;</highlight><highlight class="normal">,<sp/></highlight><highlight class="stringliteral">&quot;--bext-description&quot;</highlight><highlight class="normal">,<sp/></highlight><highlight class="stringliteral">&quot;First<sp/>Try&quot;</highlight><highlight class="normal">)</highlight></codeline>
<codeline lineno="76"><highlight class="normal"><sp/><sp/><sp/><sp/></highlight><highlight class="keywordflow">print</highlight><highlight class="normal"><sp/></highlight><highlight class="stringliteral">&quot;ok&quot;</highlight><highlight class="normal"></highlight></codeline>
<codeline lineno="77"><highlight class="normal"></highlight></codeline>
<codeline lineno="78" refid="namespacetest-sndfile-metadata-set_1abfdd2d424cc78efe1fcf3c25d08eb356" refkind="member"><highlight class="normal"></highlight><highlight class="keyword">def<sp/></highlight><highlight class="normal"><ref refid="namespacetest-sndfile-metadata-set_1abfdd2d424cc78efe1fcf3c25d08eb356" kindref="member">test_update</ref><sp/>(tests):</highlight></codeline>
<codeline lineno="79"><highlight class="normal"><sp/><sp/><sp/><sp/>print_test_name<sp/>(</highlight><highlight class="stringliteral">&quot;Update<sp/>test&quot;</highlight><highlight class="normal">)</highlight></codeline>
<codeline lineno="80"><highlight class="normal"><sp/><sp/><sp/><sp/></highlight><highlight class="keywordflow">for</highlight><highlight class="normal"><sp/>arg,<sp/>value<sp/></highlight><highlight class="keywordflow">in</highlight><highlight class="normal"><sp/>tests:</highlight></codeline>
<codeline lineno="81"><highlight class="normal"><sp/><sp/><sp/><sp/><sp/><sp/><sp/><sp/>cmd<sp/>=<sp/></highlight><highlight class="stringliteral">&quot;./sndfile-metadata-set<sp/>%s<sp/>\&quot;%s\&quot;<sp/>output.wav&quot;</highlight><highlight class="normal"><sp/>%<sp/>(arg,<sp/>value)</highlight></codeline>
<codeline lineno="82"><highlight class="normal"><sp/><sp/><sp/><sp/><sp/><sp/><sp/><sp/>status,<sp/>output<sp/>=<sp/>commands.getstatusoutput<sp/>(cmd)</highlight></codeline>
<codeline lineno="83"><highlight class="normal"><sp/><sp/><sp/><sp/><sp/><sp/><sp/><sp/></highlight><highlight class="keywordflow">if</highlight><highlight class="normal"><sp/>status:</highlight></codeline>
<codeline lineno="84"><highlight class="normal"><sp/><sp/><sp/><sp/><sp/><sp/><sp/><sp/><sp/><sp/><sp/><sp/></highlight><highlight class="keywordflow">print</highlight><highlight class="normal"><sp/></highlight><highlight class="stringliteral">&quot;\n\nError<sp/>:<sp/>command<sp/>&apos;%s&apos;<sp/>should<sp/>not<sp/>have<sp/>failed.&quot;</highlight><highlight class="normal"><sp/>%<sp/>cmd</highlight></codeline>
<codeline lineno="85"><highlight class="normal"><sp/><sp/><sp/><sp/><sp/><sp/><sp/><sp/><sp/><sp/><sp/><sp/>sys.exit<sp/>(1)</highlight></codeline>
<codeline lineno="86"><highlight class="normal"><sp/><sp/><sp/><sp/><sp/><sp/><sp/><sp/>assert_info<sp/>(</highlight><highlight class="stringliteral">&quot;output.wav&quot;</highlight><highlight class="normal">,<sp/>arg,<sp/>value)</highlight></codeline>
<codeline lineno="87"><highlight class="normal"><sp/><sp/><sp/><sp/></highlight><highlight class="keywordflow">print</highlight><highlight class="normal"><sp/></highlight><highlight class="stringliteral">&quot;ok&quot;</highlight><highlight class="normal"></highlight></codeline>
<codeline lineno="88"><highlight class="normal"></highlight></codeline>
<codeline lineno="89" refid="namespacetest-sndfile-metadata-set_1a4b2a8d646bff7348935a8a90a9e190cf" refkind="member"><highlight class="normal"></highlight><highlight class="keyword">def<sp/></highlight><highlight class="normal"><ref refid="namespacetest-sndfile-metadata-set_1a4b2a8d646bff7348935a8a90a9e190cf" kindref="member">test_post_mod</ref><sp/>(tests):</highlight></codeline>
<codeline lineno="90"><highlight class="normal"><sp/><sp/><sp/><sp/>print_test_name<sp/>(</highlight><highlight class="stringliteral">&quot;Post<sp/>mod<sp/>test&quot;</highlight><highlight class="normal">)</highlight></codeline>
<codeline lineno="91"><highlight class="normal"><sp/><sp/><sp/><sp/></highlight><highlight class="keywordflow">for</highlight><highlight class="normal"><sp/>arg,<sp/>value<sp/></highlight><highlight class="keywordflow">in</highlight><highlight class="normal"><sp/>tests:</highlight></codeline>
<codeline lineno="92"><highlight class="normal"><sp/><sp/><sp/><sp/><sp/><sp/><sp/><sp/>assert_info<sp/>(</highlight><highlight class="stringliteral">&quot;output.wav&quot;</highlight><highlight class="normal">,<sp/>arg,<sp/>value)</highlight></codeline>
<codeline lineno="93"><highlight class="normal"><sp/><sp/><sp/><sp/></highlight><highlight class="keywordflow">print</highlight><highlight class="normal"><sp/></highlight><highlight class="stringliteral">&quot;ok&quot;</highlight><highlight class="normal"></highlight></codeline>
<codeline lineno="94"><highlight class="normal"></highlight></codeline>
<codeline lineno="95" refid="namespacetest-sndfile-metadata-set_1adfa6dc8e4c9ea6b5b2cde5215121747e" refkind="member"><highlight class="normal"></highlight><highlight class="keyword">def<sp/></highlight><highlight class="normal"><ref refid="namespacetest-sndfile-metadata-set_1adfa6dc8e4c9ea6b5b2cde5215121747e" kindref="member">test_auto_date</ref><sp/>():</highlight></codeline>
<codeline lineno="96"><highlight class="normal"><sp/><sp/><sp/><sp/>print_test_name<sp/>(</highlight><highlight class="stringliteral">&quot;Auto<sp/>date<sp/>test&quot;</highlight><highlight class="normal">)</highlight></codeline>
<codeline lineno="97"><highlight class="normal"><sp/><sp/><sp/><sp/>cmd<sp/>=<sp/></highlight><highlight class="stringliteral">&quot;./sndfile-metadata-set<sp/>--bext-auto-time-date<sp/>sine.wav<sp/>date-time.wav&quot;</highlight><highlight class="normal"></highlight></codeline>
<codeline lineno="98"><highlight class="normal"><sp/><sp/><sp/><sp/>status,<sp/>output<sp/>=<sp/>commands.getstatusoutput<sp/>(cmd)</highlight></codeline>
<codeline lineno="99"><highlight class="normal"><sp/><sp/><sp/><sp/></highlight><highlight class="keywordflow">if</highlight><highlight class="normal"><sp/>status:</highlight></codeline>
<codeline lineno="100"><highlight class="normal"><sp/><sp/><sp/><sp/><sp/><sp/><sp/><sp/></highlight><highlight class="keywordflow">print</highlight><highlight class="normal"><sp/></highlight><highlight class="stringliteral">&quot;\n\nError<sp/>:<sp/>command<sp/>&apos;%s&apos;<sp/>should<sp/>not<sp/>have<sp/>failed.&quot;</highlight><highlight class="normal"><sp/>%<sp/>cmd</highlight></codeline>
<codeline lineno="101"><highlight class="normal"><sp/><sp/><sp/><sp/><sp/><sp/><sp/><sp/>sys.exit<sp/>(1)</highlight></codeline>
<codeline lineno="102"><highlight class="normal"><sp/><sp/><sp/><sp/>target<sp/>=<sp/>datetime.date.today<sp/>().__str__<sp/>()</highlight></codeline>
<codeline lineno="103"><highlight class="normal"><sp/><sp/><sp/><sp/>assert_info<sp/>(</highlight><highlight class="stringliteral">&quot;date-time.wav&quot;</highlight><highlight class="normal">,<sp/></highlight><highlight class="stringliteral">&quot;--bext-orig-date&quot;</highlight><highlight class="normal">,<sp/>target)</highlight></codeline>
<codeline lineno="104"><highlight class="normal"><sp/><sp/><sp/><sp/></highlight><highlight class="keywordflow">print</highlight><highlight class="normal"><sp/></highlight><highlight class="stringliteral">&quot;ok&quot;</highlight><highlight class="normal"></highlight></codeline>
<codeline lineno="105"><highlight class="normal"></highlight></codeline>
<codeline lineno="106"><highlight class="normal"></highlight></codeline>
<codeline lineno="107"><highlight class="normal"></highlight><highlight class="comment">#-------------------------------------------------------------------------------</highlight><highlight class="normal"></highlight></codeline>
<codeline lineno="108"><highlight class="normal"></highlight></codeline>
<codeline lineno="109" refid="namespacetest-sndfile-metadata-set_1a53b65e1ac10aaf8504cbf832ee982461" refkind="member"><highlight class="normal"></highlight><highlight class="keyword">def<sp/></highlight><highlight class="normal"><ref refid="namespacetest-sndfile-metadata-set_1a53b65e1ac10aaf8504cbf832ee982461" kindref="member">test_coding_history</ref><sp/>():</highlight></codeline>
<codeline lineno="110"><highlight class="normal"><sp/><sp/><sp/><sp/>print_test_name<sp/>(</highlight><highlight class="stringliteral">&quot;Coding<sp/>history<sp/>test&quot;</highlight><highlight class="normal">)</highlight></codeline>
<codeline lineno="111"><highlight class="normal"><sp/><sp/><sp/><sp/>cmd<sp/>=<sp/></highlight><highlight class="stringliteral">&quot;./sndfile-metadata-set<sp/>--bext-coding-hist<sp/>\&quot;alpha<sp/>beta\&quot;<sp/>output.wav&quot;</highlight><highlight class="normal"></highlight></codeline>
<codeline lineno="112"><highlight class="normal"><sp/><sp/><sp/><sp/>status,<sp/>output<sp/>=<sp/>commands.getstatusoutput<sp/>(cmd)</highlight></codeline>
<codeline lineno="113"><highlight class="normal"><sp/><sp/><sp/><sp/></highlight><highlight class="keywordflow">if</highlight><highlight class="normal"><sp/>status:</highlight></codeline>
<codeline lineno="114"><highlight class="normal"><sp/><sp/><sp/><sp/><sp/><sp/><sp/><sp/></highlight><highlight class="keywordflow">print</highlight><highlight class="normal"><sp/></highlight><highlight class="stringliteral">&quot;\n\nError<sp/>:<sp/>command<sp/>&apos;%s&apos;<sp/>should<sp/>not<sp/>have<sp/>failed.&quot;</highlight><highlight class="normal"><sp/>%<sp/>cmd</highlight></codeline>
<codeline lineno="115"><highlight class="normal"><sp/><sp/><sp/><sp/><sp/><sp/><sp/><sp/>sys.exit<sp/>(1)</highlight></codeline>
<codeline lineno="116"><highlight class="normal"><sp/><sp/><sp/><sp/>cmd<sp/>=<sp/></highlight><highlight class="stringliteral">&quot;./sndfile-metadata-get<sp/>--bext-coding-hist<sp/>output.wav&quot;</highlight><highlight class="normal"></highlight></codeline>
<codeline lineno="117"><highlight class="normal"><sp/><sp/><sp/><sp/>status,<sp/>output<sp/>=<sp/>commands.getstatusoutput<sp/>(cmd)</highlight></codeline>
<codeline lineno="118"><highlight class="normal"><sp/><sp/><sp/><sp/></highlight><highlight class="keywordflow">if</highlight><highlight class="normal"><sp/>status:</highlight></codeline>
<codeline lineno="119"><highlight class="normal"><sp/><sp/><sp/><sp/><sp/><sp/><sp/><sp/></highlight><highlight class="keywordflow">print</highlight><highlight class="normal"><sp/></highlight><highlight class="stringliteral">&quot;\n\nError<sp/>:<sp/>command<sp/>&apos;%s&apos;<sp/>should<sp/>not<sp/>have<sp/>failed.&quot;</highlight><highlight class="normal"><sp/>%<sp/>cmd</highlight></codeline>
<codeline lineno="120"><highlight class="normal"><sp/><sp/><sp/><sp/><sp/><sp/><sp/><sp/>sys.exit<sp/>(1)</highlight></codeline>
<codeline lineno="121"><highlight class="normal"><sp/><sp/><sp/><sp/></highlight><highlight class="keywordflow">print</highlight><highlight class="normal"><sp/></highlight><highlight class="stringliteral">&quot;ok&quot;</highlight><highlight class="normal"></highlight></codeline>
<codeline lineno="122"><highlight class="normal"></highlight></codeline>
<codeline lineno="123"><highlight class="normal"></highlight><highlight class="comment">#-------------------------------------------------------------------------------</highlight><highlight class="normal"></highlight></codeline>
<codeline lineno="124"><highlight class="normal"></highlight></codeline>
<codeline lineno="125" refid="namespacetest-sndfile-metadata-set_1a2720cc7879f0c1b9c41d89607f4ba0d5" refkind="member"><highlight class="normal"></highlight><highlight class="keyword">def<sp/></highlight><highlight class="normal"><ref refid="namespacetest-sndfile-metadata-set_1a2720cc7879f0c1b9c41d89607f4ba0d5" kindref="member">test_rewrite</ref><sp/>():</highlight></codeline>
<codeline lineno="126"><highlight class="normal"><sp/><sp/><sp/><sp/>print_test_name<sp/>(</highlight><highlight class="stringliteral">&quot;Rewrite<sp/>test&quot;</highlight><highlight class="normal">)</highlight></codeline>
<codeline lineno="127"><highlight class="normal"><sp/><sp/><sp/><sp/>cmd<sp/>=<sp/></highlight><highlight class="stringliteral">&quot;./sndfile-metadata-set<sp/>--bext-originator<sp/>\&quot;Really,<sp/>really<sp/>long<sp/>string\&quot;<sp/>output.wav&quot;</highlight><highlight class="normal"></highlight></codeline>
<codeline lineno="128"><highlight class="normal"><sp/><sp/><sp/><sp/>status,<sp/>output<sp/>=<sp/>commands.getstatusoutput<sp/>(cmd)</highlight></codeline>
<codeline lineno="129"><highlight class="normal"><sp/><sp/><sp/><sp/></highlight><highlight class="keywordflow">if</highlight><highlight class="normal"><sp/>status:</highlight></codeline>
<codeline lineno="130"><highlight class="normal"><sp/><sp/><sp/><sp/><sp/><sp/><sp/><sp/></highlight><highlight class="keywordflow">print</highlight><highlight class="normal"><sp/></highlight><highlight class="stringliteral">&quot;\n\nError<sp/>:<sp/>command<sp/>&apos;%s&apos;<sp/>should<sp/>not<sp/>have<sp/>failed.&quot;</highlight><highlight class="normal"><sp/>%<sp/>cmd</highlight></codeline>
<codeline lineno="131"><highlight class="normal"><sp/><sp/><sp/><sp/><sp/><sp/><sp/><sp/>sys.exit<sp/>(1)</highlight></codeline>
<codeline lineno="132"><highlight class="normal"><sp/><sp/><sp/><sp/>cmd<sp/>=<sp/></highlight><highlight class="stringliteral">&quot;./sndfile-metadata-set<sp/>--bext-originator<sp/>\&quot;Short\&quot;<sp/>output.wav&quot;</highlight><highlight class="normal"></highlight></codeline>
<codeline lineno="133"><highlight class="normal"><sp/><sp/><sp/><sp/>status,<sp/>output<sp/>=<sp/>commands.getstatusoutput<sp/>(cmd)</highlight></codeline>
<codeline lineno="134"><highlight class="normal"><sp/><sp/><sp/><sp/></highlight><highlight class="keywordflow">if</highlight><highlight class="normal"><sp/>status:</highlight></codeline>
<codeline lineno="135"><highlight class="normal"><sp/><sp/><sp/><sp/><sp/><sp/><sp/><sp/></highlight><highlight class="keywordflow">print</highlight><highlight class="normal"><sp/></highlight><highlight class="stringliteral">&quot;\n\nError<sp/>:<sp/>command<sp/>&apos;%s&apos;<sp/>should<sp/>not<sp/>have<sp/>failed.&quot;</highlight><highlight class="normal"><sp/>%<sp/>cmd</highlight></codeline>
<codeline lineno="136"><highlight class="normal"><sp/><sp/><sp/><sp/><sp/><sp/><sp/><sp/>sys.exit<sp/>(1)</highlight></codeline>
<codeline lineno="137"><highlight class="normal"><sp/><sp/><sp/><sp/>cmd<sp/>=<sp/></highlight><highlight class="stringliteral">&quot;./sndfile-metadata-get<sp/>--bext-originator<sp/>output.wav&quot;</highlight><highlight class="normal"></highlight></codeline>
<codeline lineno="138"><highlight class="normal"><sp/><sp/><sp/><sp/>status,<sp/>output<sp/>=<sp/>commands.getstatusoutput<sp/>(cmd)</highlight></codeline>
<codeline lineno="139"><highlight class="normal"><sp/><sp/><sp/><sp/></highlight><highlight class="keywordflow">if</highlight><highlight class="normal"><sp/>status:</highlight></codeline>
<codeline lineno="140"><highlight class="normal"><sp/><sp/><sp/><sp/><sp/><sp/><sp/><sp/></highlight><highlight class="keywordflow">print</highlight><highlight class="normal"><sp/></highlight><highlight class="stringliteral">&quot;\n\nError<sp/>:<sp/>command<sp/>&apos;%s&apos;<sp/>should<sp/>not<sp/>have<sp/>failed.&quot;</highlight><highlight class="normal"><sp/>%<sp/>cmd</highlight></codeline>
<codeline lineno="141"><highlight class="normal"><sp/><sp/><sp/><sp/><sp/><sp/><sp/><sp/>sys.exit<sp/>(1)</highlight></codeline>
<codeline lineno="142"><highlight class="normal"><sp/><sp/><sp/><sp/></highlight><highlight class="keywordflow">if</highlight><highlight class="normal"><sp/>output.find<sp/>(</highlight><highlight class="stringliteral">&quot;really<sp/>long&quot;</highlight><highlight class="normal">)<sp/>&gt;<sp/>0:</highlight></codeline>
<codeline lineno="143"><highlight class="normal"><sp/><sp/><sp/><sp/><sp/><sp/><sp/><sp/></highlight><highlight class="keywordflow">print</highlight><highlight class="normal"><sp/></highlight><highlight class="stringliteral">&quot;\n\nError<sp/>:<sp/>output<sp/>&apos;%s&apos;<sp/>should<sp/>not<sp/>contain<sp/>&apos;really<sp/>long&apos;.&quot;</highlight><highlight class="normal"><sp/>%<sp/>output</highlight></codeline>
<codeline lineno="144"><highlight class="normal"><sp/><sp/><sp/><sp/><sp/><sp/><sp/><sp/>sys.exit<sp/>(1)</highlight></codeline>
<codeline lineno="145"><highlight class="normal"><sp/><sp/><sp/><sp/></highlight><highlight class="keywordflow">print</highlight><highlight class="normal"><sp/></highlight><highlight class="stringliteral">&quot;ok&quot;</highlight><highlight class="normal"></highlight></codeline>
<codeline lineno="146"><highlight class="normal"></highlight></codeline>
<codeline lineno="147"><highlight class="normal"></highlight><highlight class="comment">#===============================================================================</highlight><highlight class="normal"></highlight></codeline>
<codeline lineno="148"><highlight class="normal"></highlight></codeline>
<codeline lineno="149" refid="namespacetest-sndfile-metadata-set_1ab86c49508853fc70e1cb07500b8df69a" refkind="member"><highlight class="normal">test_dir<sp/>=<sp/></highlight><highlight class="stringliteral">&quot;programs&quot;</highlight><highlight class="normal"></highlight></codeline>
<codeline lineno="150"><highlight class="normal"></highlight></codeline>
<codeline lineno="151"><highlight class="normal"></highlight><highlight class="keywordflow">if</highlight><highlight class="normal"><sp/>os.path.isdir<sp/>(test_dir):</highlight></codeline>
<codeline lineno="152"><highlight class="normal"><sp/><sp/><sp/><sp/>os.chdir<sp/>(test_dir)</highlight></codeline>
<codeline lineno="153"><highlight class="normal"></highlight></codeline>
<codeline lineno="154"><highlight class="normal"></highlight><highlight class="keywordflow">for</highlight><highlight class="normal"><sp/>f<sp/></highlight><highlight class="keywordflow">in</highlight><highlight class="normal"><sp/>[<sp/></highlight><highlight class="stringliteral">&quot;sndfile-metadata-set&quot;</highlight><highlight class="normal">,<sp/></highlight><highlight class="stringliteral">&quot;sndfile-metadata-get&quot;</highlight><highlight class="normal">,<sp/></highlight><highlight class="stringliteral">&quot;../examples/make_sine&quot;</highlight><highlight class="normal"><sp/>]:</highlight></codeline>
<codeline lineno="155"><highlight class="normal"><sp/><sp/><sp/><sp/>check_executable<sp/>(f)</highlight></codeline>
<codeline lineno="156"><highlight class="normal"></highlight></codeline>
<codeline lineno="157"><highlight class="normal">os.system<sp/>(</highlight><highlight class="stringliteral">&quot;../examples/make_sine&quot;</highlight><highlight class="normal">)</highlight></codeline>
<codeline lineno="158"><highlight class="normal"></highlight><highlight class="keywordflow">if</highlight><highlight class="normal"><sp/></highlight><highlight class="keywordflow">not</highlight><highlight class="normal"><sp/>os.path.isfile<sp/>(</highlight><highlight class="stringliteral">&quot;sine.wav&quot;</highlight><highlight class="normal">):</highlight></codeline>
<codeline lineno="159"><highlight class="normal"><sp/><sp/><sp/><sp/></highlight><highlight class="keywordflow">print</highlight><highlight class="normal"><sp/></highlight><highlight class="stringliteral">&quot;\n\nError<sp/>:<sp/>Can&apos;t<sp/>file<sp/>file<sp/>&apos;sine.wav&apos;.&quot;</highlight><highlight class="normal"></highlight></codeline>
<codeline lineno="160"><highlight class="normal"><sp/><sp/><sp/><sp/>sys.exit<sp/>(1)</highlight></codeline>
<codeline lineno="161"><highlight class="normal"></highlight></codeline>
<codeline lineno="162"><highlight class="normal"></highlight><highlight class="keywordflow">print</highlight><highlight class="normal"><sp/></highlight><highlight class="stringliteral">&quot;&quot;</highlight><highlight class="normal"></highlight></codeline>
<codeline lineno="163"><highlight class="normal"></highlight></codeline>
<codeline lineno="164"><highlight class="normal">test_empty_fail<sp/>()</highlight></codeline>
<codeline lineno="165"><highlight class="normal">test_copy<sp/>()</highlight></codeline>
<codeline lineno="166"><highlight class="normal"></highlight></codeline>
<codeline lineno="167" refid="namespacetest-sndfile-metadata-set_1ab9f1387ea8f216c0c1dad3169d984274" refkind="member"><highlight class="normal">tests<sp/>=<sp/>[</highlight></codeline>
<codeline lineno="168"><highlight class="normal"><sp/><sp/><sp/><sp/>(</highlight><highlight class="stringliteral">&quot;--bext-description&quot;</highlight><highlight class="normal">,<sp/></highlight><highlight class="stringliteral">&quot;Alpha&quot;</highlight><highlight class="normal">),<sp/>(</highlight><highlight class="stringliteral">&quot;--bext-originator&quot;</highlight><highlight class="normal">,<sp/></highlight><highlight class="stringliteral">&quot;Beta&quot;</highlight><highlight class="normal">),<sp/>(</highlight><highlight class="stringliteral">&quot;--bext-orig-ref&quot;</highlight><highlight class="normal">,<sp/></highlight><highlight class="stringliteral">&quot;Charlie&quot;</highlight><highlight class="normal">),</highlight></codeline>
<codeline lineno="169"><highlight class="normal"><sp/><sp/><sp/><sp/>(</highlight><highlight class="stringliteral">&quot;--bext-umid&quot;</highlight><highlight class="normal">,<sp/></highlight><highlight class="stringliteral">&quot;Delta&quot;</highlight><highlight class="normal">),<sp/>(</highlight><highlight class="stringliteral">&quot;--bext-orig-date&quot;</highlight><highlight class="normal">,<sp/></highlight><highlight class="stringliteral">&quot;2001-10-01&quot;</highlight><highlight class="normal">),<sp/><sp/>(</highlight><highlight class="stringliteral">&quot;--bext-orig-time&quot;</highlight><highlight class="normal">,<sp/></highlight><highlight class="stringliteral">&quot;01:02:03&quot;</highlight><highlight class="normal">),</highlight></codeline>
<codeline lineno="170"><highlight class="normal"><sp/><sp/><sp/><sp/>(</highlight><highlight class="stringliteral">&quot;--str-title&quot;</highlight><highlight class="normal">,<sp/></highlight><highlight class="stringliteral">&quot;Echo&quot;</highlight><highlight class="normal">),<sp/>(</highlight><highlight class="stringliteral">&quot;--str-artist&quot;</highlight><highlight class="normal">,<sp/></highlight><highlight class="stringliteral">&quot;Fox<sp/>trot&quot;</highlight><highlight class="normal">)</highlight></codeline>
<codeline lineno="171"><highlight class="normal"><sp/><sp/><sp/><sp/>]</highlight></codeline>
<codeline lineno="172"><highlight class="normal"></highlight></codeline>
<codeline lineno="173"><highlight class="normal">test_auto_date<sp/>()</highlight></codeline>
<codeline lineno="174"><highlight class="normal">test_update<sp/>(tests)</highlight></codeline>
<codeline lineno="175"><highlight class="normal">test_post_mod<sp/>(tests)</highlight></codeline>
<codeline lineno="176"><highlight class="normal"></highlight></codeline>
<codeline lineno="177"><highlight class="normal">test_update<sp/>([<sp/>(</highlight><highlight class="stringliteral">&quot;--str-artist&quot;</highlight><highlight class="normal">,<sp/></highlight><highlight class="stringliteral">&quot;Fox&quot;</highlight><highlight class="normal">)<sp/>])</highlight></codeline>
<codeline lineno="178"><highlight class="normal"></highlight></codeline>
<codeline lineno="179"><highlight class="normal"></highlight><highlight class="comment">#<sp/>This<sp/>never<sp/>worked.</highlight><highlight class="normal"></highlight></codeline>
<codeline lineno="180"><highlight class="normal"></highlight><highlight class="comment">#<sp/>test_coding_history<sp/>()</highlight><highlight class="normal"></highlight></codeline>
<codeline lineno="181"><highlight class="normal"></highlight></codeline>
<codeline lineno="182"><highlight class="normal">test_rewrite<sp/>()</highlight></codeline>
<codeline lineno="183"><highlight class="normal"></highlight></codeline>
<codeline lineno="184"><highlight class="normal"></highlight></codeline>
<codeline lineno="185"><highlight class="normal"></highlight><highlight class="keywordflow">print</highlight><highlight class="normal"><sp/></highlight><highlight class="stringliteral">&quot;&quot;</highlight><highlight class="normal"></highlight></codeline>
<codeline lineno="186"><highlight class="normal"></highlight></codeline>
<codeline lineno="187"><highlight class="normal">sys.exit<sp/>(0)</highlight></codeline>
<codeline lineno="188"><highlight class="normal"></highlight></codeline>
    </programlisting>
    <location file="C:/_dev/OpenU/Audacity/audacity/lib-src/libsndfile/programs/test-sndfile-metadata-set.py"/>
  </compounddef>
</doxygen>
